#
# A fatal error has been detected by the Java Runtime Environment:
#
#  EXCEPTION_ACCESS_VIOLATION (0xc0000005) at pc=0x00000000506e115b, pid=11608, tid=7276
#
# JRE version: 7.0_25-b17
# Java VM: Java HotSpot(TM) 64-Bit Server VM (23.25-b01 mixed mode windows-amd64 compressed oops)
# Problematic frame:
# V  [jvm.dll+0xf115b]
#
# Failed to write core dump. Minidumps are not enabled by default on client versions of Windows
#
# If you would like to submit a bug report, please visit:
#   http://bugreport.sun.com/bugreport/crash.jsp
#

---------------  T H R E A D  ---------------

Current thread (0x0000000012029000):  JavaThread "QuantumRenderer-0" daemon [_thread_in_vm, id=7276, stack(0x000000001a4b0000,0x000000001a6b0000)]

siginfo: ExceptionCode=0xc0000005, reading address 0x0000000000000000

Registers:
RAX=0x0000000000000000, RBX=0x0000000012029000, RCX=0x0000000012029000, RDX=0x00000007dc8af8f8
RSP=0x000000001a6ade00, RBP=0x0000000000000000, RSI=0x0000000000000000, RDI=0x0000000000000000
R8 =0x0000000000000000, R9 =0x0000000050c3bbf0, R10=0x0000000000000000, R11=0x000000001a6ade30
R12=0x000000001a6ae3e0, R13=0x000000077ee263e8, R14=0x000000001a6ae498, R15=0x0000000012029000
RIP=0x00000000506e115b, EFLAGS=0x0000000000010202

Top of Stack: (sp=0x000000001a6ade00)
0x000000001a6ade00:   00000384000005a0 0000000012029000
0x000000001a6ade10:   0000000000000000 000007feea986e9d
0x000000001a6ade20:   0000000014ce1300 000000001a6adeb0
0x000000001a6ade30:   0000000012029000 000000000e81a870
0x000000001a6ade40:   0000000000000b9d 0000000050afc0a0
0x000000001a6ade50:   0000000000000000 000000006ec02449
0x000000001a6ade60:   000000001a6ae3e0 0000000000000000
0x000000001a6ade70:   0000000000000000 000000001a6ae3e0
0x000000001a6ade80:   000000000eb17fd0 000000006ec038c8
0x000000001a6ade90:   000000000eb17fd0 0000000000000000
0x000000001a6adea0:   0000000000000000 0000000000000000
0x000000001a6adeb0:   3436786663697461 000000006c6c642e
0x000000001a6adec0:   0000000000000000 0000000000000000
0x000000001a6aded0:   0000000000000000 0000000000000000
0x000000001a6adee0:   0000000000000000 0000000000000000
0x000000001a6adef0:   0000000000000000 0000000000000000 

Instructions: (pc=0x00000000506e115b)
0x00000000506e113b:   4c 8b 0f 45 33 c0 33 d2 48 8b cb c6 44 24 28 01
0x00000000506e114b:   48 89 7c 24 20 e8 5b a1 06 00 48 83 7c 24 38 00
0x00000000506e115b:   48 8b 07 48 63 57 10 48 8b 48 78 0f b6 34 0a 74
0x00000000506e116b:   0a 48 8d 4c 24 30 e8 4a 57 10 00 48 8b 7b 48 48 


Register to memory mapping:

RAX=0x0000000000000000 is an unknown value
RBX=0x0000000012029000 is a thread
RCX=0x0000000012029000 is a thread
RDX=0x00000007dc8af8f8 is an oop
java.lang.NoSuchFieldError 
 - klass: 'java/lang/NoSuchFieldError'
RSP=0x000000001a6ade00 is pointing into the stack for thread: 0x0000000012029000
RBP=0x0000000000000000 is an unknown value
RSI=0x0000000000000000 is an unknown value
RDI=0x0000000000000000 is an unknown value
R8 =0x0000000000000000 is an unknown value
R9 =0x0000000050c3bbf0 is an unknown value
R10=0x0000000000000000 is an unknown value
R11=0x000000001a6ade30 is pointing into the stack for thread: 0x0000000012029000
R12=0x000000001a6ae3e0 is pointing into the stack for thread: 0x0000000012029000
R13=0x000000077ee263e8 is an oop
{method} 
 - klass: {other class}
R14=0x000000001a6ae498 is pointing into the stack for thread: 0x0000000012029000
R15=0x0000000012029000 is a thread


Stack: [0x000000001a4b0000,0x000000001a6b0000],  sp=0x000000001a6ade00,  free space=2039k
Native frames: (J=compiled Java code, j=interpreted, Vv=VM code, C=native code)
V  [jvm.dll+0xf115b]

[error occurred during error reporting (printing native stack), id 0xc0000005]

Java frames: (J=compiled Java code, j=interpreted, Vv=VM code)
j  com.sun.prism.d3d.D3DPipeline.nInit(Ljava/lang/Class;)J+0
j  com.sun.prism.d3d.D3DPipeline.access$000(Ljava/lang/Class;)J+1
j  com.sun.prism.d3d.D3DPipeline$1.run()Ljava/lang/Boolean;+36
j  com.sun.prism.d3d.D3DPipeline$1.run()Ljava/lang/Object;+1
v  ~StubRoutines::call_stub
j  java.security.AccessController.doPrivileged(Ljava/security/PrivilegedAction;)Ljava/lang/Object;+0
j  com.sun.prism.d3d.D3DPipeline.<clinit>()V+24
v  ~StubRoutines::call_stub
j  java.lang.Class.forName0(Ljava/lang/String;ZLjava/lang/ClassLoader;)Ljava/lang/Class;+0
j  java.lang.Class.forName(Ljava/lang/String;)Ljava/lang/Class;+8
j  com.sun.prism.GraphicsPipeline.createPipeline()Lcom/sun/prism/GraphicsPipeline;+171
j  com.sun.javafx.tk.quantum.QuantumRenderer$PipelineRunnable.init()V+0
j  com.sun.javafx.tk.quantum.QuantumRenderer$PipelineRunnable.run()V+1
j  java.lang.Thread.run()V+11
v  ~StubRoutines::call_stub

---------------  P R O C E S S  ---------------

Java Threads: ( => current thread )
=>0x0000000012029000 JavaThread "QuantumRenderer-0" daemon [_thread_in_vm, id=7276, stack(0x000000001a4b0000,0x000000001a6b0000)]
  0x0000000012028000 JavaThread "Image Fetcher 1" daemon [_thread_blocked, id=7576, stack(0x000000001a150000,0x000000001a350000)]
  0x0000000012027800 JavaThread "Image Fetcher 0" daemon [_thread_blocked, id=8696, stack(0x0000000019f50000,0x000000001a150000)]
  0x0000000012026800 JavaThread "Flushing caches" [_thread_blocked, id=7704, stack(0x0000000014a30000,0x0000000014c30000)]
  0x0000000012026000 JavaThread "TimerQueue" daemon [_thread_blocked, id=18052, stack(0x0000000014440000,0x0000000014640000)]
  0x0000000012025000 JavaThread "Thread-4" daemon [_thread_blocked, id=9864, stack(0x00000000146d0000,0x00000000148d0000)]
  0x0000000011ec3800 JavaThread "File Watcher" daemon [_thread_blocked, id=18672, stack(0x0000000014df0000,0x0000000014ff0000)]
  0x0000000011ec3000 JavaThread "Inactive RequestProcessor thread [Was:Logging Flush/org.netbeans.core.startup.logging.DispatchingHandler]" daemon [_thread_blocked, id=19292, stack(0x0000000014240000,0x0000000014440000)]
  0x0000000011ec2000 JavaThread "Inactive RequestProcessor thread [Was:Default RequestProcessor/org.netbeans.core.windows.WindowManagerImpl$4$1]" daemon [_thread_blocked, id=17544, stack(0x0000000014040000,0x0000000014240000)]
  0x0000000011ec1800 JavaThread "Inactive RequestProcessor thread [Was:On Start/Stop/org.netbeans.core.impl.InitUI]" daemon [_thread_blocked, id=15460, stack(0x0000000013e40000,0x0000000014040000)]
  0x0000000011ec0800 JavaThread "Inactive RequestProcessor thread [Was:On Start/Stop/org.netbeans.modules.projectapi.Installer]" daemon [_thread_blocked, id=6196, stack(0x0000000013c40000,0x0000000013e40000)]
  0x0000000011ebf000 JavaThread "Bundle File Closer" daemon [_thread_blocked, id=13360, stack(0x0000000010620000,0x0000000010820000)]
  0x0000000011ebe800 JavaThread "Framework Event Dispatcher" daemon [_thread_blocked, id=9612, stack(0x0000000010420000,0x0000000010620000)]
  0x0000000011ebd800 JavaThread "State Saver" [_thread_blocked, id=16492, stack(0x0000000010220000,0x0000000010420000)]
  0x0000000011ebd000 JavaThread "Framework Active Thread" [_thread_blocked, id=26364, stack(0x0000000010020000,0x0000000010220000)]
  0x000000000eca6000 JavaThread "Inactive RequestProcessor thread [Was:MimePathLookupFiring/org.openide.util.lookup.ProxyLookup$1Notify]" daemon [_thread_blocked, id=5440, stack(0x0000000010ad0000,0x0000000010cd0000)]
  0x000000000d0af000 JavaThread "AWT-EventQueue-0" [_thread_blocked, id=2348, stack(0x000000000fd20000,0x000000000ff20000)]
  0x000000000e90a000 JavaThread "AWT-Windows" daemon [_thread_in_native, id=22112, stack(0x000000000fb20000,0x000000000fd20000)]
  0x000000000e82a000 JavaThread "AWT-Shutdown" [_thread_blocked, id=21480, stack(0x000000000f920000,0x000000000fb20000)]
  0x000000000e829800 JavaThread "Java2D Disposer" daemon [_thread_blocked, id=16836, stack(0x000000000f720000,0x000000000f920000)]
  0x000000000e82e800 JavaThread "RequestProcessor queue manager" daemon [_thread_blocked, id=8960, stack(0x000000000f520000,0x000000000f720000)]
  0x000000000d05a000 JavaThread "Inactive RequestProcessor thread [Was:CSLNavigatorScheduler/org.netbeans.modules.csl.navigation.CSLNavigatorScheduler$1]" daemon [_thread_blocked, id=23436, stack(0x000000000e3f0000,0x000000000e5f0000)]
  0x000000000d052000 JavaThread "CLI Requests Server" daemon [_thread_in_native, id=11444, stack(0x000000000e1f0000,0x000000000e3f0000)]
  0x000000000cfd9800 JavaThread "Active Reference Queue Daemon" daemon [_thread_blocked, id=7812, stack(0x000000000ddf0000,0x000000000dff0000)]
  0x000000000b7a9000 JavaThread "Service Thread" daemon [_thread_blocked, id=21592, stack(0x000000000d8c0000,0x000000000dac0000)]
  0x000000000b7a7000 JavaThread "C2 CompilerThread1" daemon [_thread_blocked, id=22464, stack(0x000000000d6c0000,0x000000000d8c0000)]
  0x000000000b7a2800 JavaThread "C2 CompilerThread0" daemon [_thread_blocked, id=11424, stack(0x000000000d4c0000,0x000000000d6c0000)]
  0x000000000b7a1800 JavaThread "Attach Listener" daemon [_thread_blocked, id=17416, stack(0x000000000d2c0000,0x000000000d4c0000)]
  0x000000000b79a800 JavaThread "Signal Dispatcher" daemon [_thread_blocked, id=16968, stack(0x000000000d0c0000,0x000000000d2c0000)]
  0x00000000021bd800 JavaThread "Finalizer" daemon [_thread_blocked, id=12428, stack(0x000000000cac0000,0x000000000ccc0000)]
  0x00000000021b6800 JavaThread "Reference Handler" daemon [_thread_blocked, id=23792, stack(0x000000000c8c0000,0x000000000cac0000)]
  0x00000000003ef000 JavaThread "main" [_thread_blocked, id=19356, stack(0x0000000000030000,0x0000000000230000)]

Other Threads:
  0x000000000b6f2800 VMThread [stack: 0x000000000c6c0000,0x000000000c8c0000] [id=11796]
  0x000000000b7a9800 WatcherThread [stack: 0x000000000dac0000,0x000000000dcc0000] [id=2032]

VM state:not at safepoint (normal execution)

VM Mutex/Monitor currently owned by a thread: None

Heap
 PSYoungGen      total 140608K, used 125788K [0x00000007d5e00000, 0x00000007e7860000, 0x0000000800000000)
  eden space 127360K, 88% used [0x00000007d5e00000,0x00000007dcbec400,0x00000007dda60000)
  from space 13248K, 99% used [0x00000007dda60000,0x00000007de74af00,0x00000007de750000)
  to   space 17216K, 0% used [0x00000007e6790000,0x00000007e6790000,0x00000007e7860000)
 ParOldGen       total 86272K, used 13645K [0x0000000781a00000, 0x0000000786e40000, 0x00000007d5e00000)
  object space 86272K, 15% used [0x0000000781a00000,0x0000000782753590,0x0000000786e40000)
 PSPermGen       total 39296K, used 39280K [0x000000077c800000, 0x000000077ee60000, 0x0000000781a00000)
  object space 39296K, 99% used [0x000000077c800000,0x000000077ee5c118,0x000000077ee60000)

Card table byte_map: [0x0000000005320000,0x0000000005740000] byte_map_base: 0x000000000173c000

Polling page: 0x0000000000300000

Code Cache  [0x0000000002320000, 0x00000000026a0000, 0x0000000005320000)
 total_blobs=1417 nmethods=836 adapters=531 free_code_cache=45875Kb largest_free_block=46703104

Compilation events (10 events):
Event: 16.417 Thread 0x000000000b7a7000 nmethod 945 0x000000000267f150 code [0x000000000267f280, 0x000000000267f2d8]
Event: 16.420 Thread 0x000000000b7a7000   30 %           com.sun.org.apache.xerces.internal.impl.XMLDocumentFragmentScannerImpl::scanDocument @ 13 (272 bytes)
Event: 16.438 Thread 0x000000000b7a2800 nmethod 922 0x00000000025db850 code [0x00000000025dc020, 0x00000000025e2db0]
Event: 16.445 Thread 0x000000000b7a7000 nmethod 30% 0x000000000256e390 code [0x000000000256e640, 0x000000000256f2f8]
Event: 16.454 Thread 0x000000000b7a2800  946             org.openide.filesystems.MultiFileObject::sameFullName (51 bytes)
Event: 16.455 Thread 0x000000000b7a2800 nmethod 946 0x000000000250a3d0 code [0x000000000250a520, 0x000000000250a718]
Event: 16.470 Thread 0x000000000b7a7000  947   !         org.netbeans.ProxyClassLoader::getPackageFast (138 bytes)
Event: 16.472 Thread 0x000000000b7a2800  948             org.netbeans.PatchByteCode::u1 (18 bytes)
Event: 16.473 Thread 0x000000000b7a2800 nmethod 948 0x000000000250a150 code [0x000000000250a280, 0x000000000250a2f8]
Event: 16.493 Thread 0x000000000b7a7000 nmethod 947 0x00000000024cd4d0 code [0x00000000024cd6c0, 0x00000000024cee08]

GC Heap History (10 events):
Event: 3.183 GC heap before
{Heap before GC invocations=3 (full 0):
 PSYoungGen      total 37760K, used 37557K [0x00000007d5e00000, 0x00000007da7c0000, 0x0000000800000000)
  eden space 32384K, 100% used [0x00000007d5e00000,0x00000007d7da0000,0x00000007d7da0000)
  from space 5376K, 96% used [0x00000007d82e0000,0x00000007d87ed7d8,0x00000007d8820000)
  to   space 5376K, 0% used [0x00000007d7da0000,0x00000007d7da0000,0x00000007d82e0000)
 ParOldGen       total 86272K, used 82K [0x0000000781a00000, 0x0000000786e40000, 0x00000007d5e00000)
  object space 86272K, 0% used [0x0000000781a00000,0x0000000781a14ad8,0x0000000786e40000)
 PSPermGen       total 21248K, used 14615K [0x000000077c800000, 0x000000077dcc0000, 0x0000000781a00000)
  object space 21248K, 68% used [0x000000077c800000,0x000000077d645ed8,0x000000077dcc0000)
Event: 3.202 GC heap after
Heap after GC invocations=3 (full 0):
 PSYoungGen      total 37760K, used 5372K [0x00000007d5e00000, 0x00000007da7c0000, 0x0000000800000000)
  eden space 32384K, 0% used [0x00000007d5e00000,0x00000007d5e00000,0x00000007d7da0000)
  from space 5376K, 99% used [0x00000007d7da0000,0x00000007d82df200,0x00000007d82e0000)
  to   space 5376K, 0% used [0x00000007da280000,0x00000007da280000,0x00000007da7c0000)
 ParOldGen       total 86272K, used 2177K [0x0000000781a00000, 0x0000000786e40000, 0x00000007d5e00000)
  object space 86272K, 2% used [0x0000000781a00000,0x0000000781c205d8,0x0000000786e40000)
 PSPermGen       total 21248K, used 14615K [0x000000077c800000, 0x000000077dcc0000, 0x0000000781a00000)
  object space 21248K, 68% used [0x000000077c800000,0x000000077d645ed8,0x000000077dcc0000)
}
Event: 3.567 GC heap before
{Heap before GC invocations=4 (full 0):
 PSYoungGen      total 37760K, used 37756K [0x00000007d5e00000, 0x00000007da7c0000, 0x0000000800000000)
  eden space 32384K, 100% used [0x00000007d5e00000,0x00000007d7da0000,0x00000007d7da0000)
  from space 5376K, 99% used [0x00000007d7da0000,0x00000007d82df200,0x00000007d82e0000)
  to   space 5376K, 0% used [0x00000007da280000,0x00000007da280000,0x00000007da7c0000)
 ParOldGen       total 86272K, used 2177K [0x0000000781a00000, 0x0000000786e40000, 0x00000007d5e00000)
  object space 86272K, 2% used [0x0000000781a00000,0x0000000781c205d8,0x0000000786e40000)
 PSPermGen       total 21248K, used 14816K [0x000000077c800000, 0x000000077dcc0000, 0x0000000781a00000)
  object space 21248K, 69% used [0x000000077c800000,0x000000077d6783c0,0x000000077dcc0000)
Event: 3.577 GC heap after
Heap after GC invocations=4 (full 0):
 PSYoungGen      total 70144K, used 5360K [0x00000007d5e00000, 0x00000007da7c0000, 0x0000000800000000)
  eden space 64768K, 0% used [0x00000007d5e00000,0x00000007d5e00000,0x00000007d9d40000)
  from space 5376K, 99% used [0x00000007da280000,0x00000007da7bc2e8,0x00000007da7c0000)
  to   space 5376K, 0% used [0x00000007d9d40000,0x00000007d9d40000,0x00000007da280000)
 ParOldGen       total 86272K, used 3607K [0x0000000781a00000, 0x0000000786e40000, 0x00000007d5e00000)
  object space 86272K, 4% used [0x0000000781a00000,0x0000000781d85cb8,0x0000000786e40000)
 PSPermGen       total 21248K, used 14816K [0x000000077c800000, 0x000000077dcc0000, 0x0000000781a00000)
  object space 21248K, 69% used [0x000000077c800000,0x000000077d6783c0,0x000000077dcc0000)
}
Event: 4.342 GC heap before
{Heap before GC invocations=5 (full 0):
 PSYoungGen      total 70144K, used 70128K [0x00000007d5e00000, 0x00000007da7c0000, 0x0000000800000000)
  eden space 64768K, 100% used [0x00000007d5e00000,0x00000007d9d40000,0x00000007d9d40000)
  from space 5376K, 99% used [0x00000007da280000,0x00000007da7bc2e8,0x00000007da7c0000)
  to   space 5376K, 0% used [0x00000007d9d40000,0x00000007d9d40000,0x00000007da280000)
 ParOldGen       total 86272K, used 3607K [0x0000000781a00000, 0x0000000786e40000, 0x00000007d5e00000)
  object space 86272K, 4% used [0x0000000781a00000,0x0000000781d85cb8,0x0000000786e40000)
 PSPermGen       total 21248K, used 17908K [0x000000077c800000, 0x000000077dcc0000, 0x0000000781a00000)
  object space 21248K, 84% used [0x000000077c800000,0x000000077d97d170,0x000000077dcc0000)
Event: 4.356 GC heap after
Heap after GC invocations=5 (full 0):
 PSYoungGen      total 70144K, used 5361K [0x00000007d5e00000, 0x00000007df220000, 0x0000000800000000)
  eden space 64768K, 0% used [0x00000007d5e00000,0x00000007d5e00000,0x00000007d9d40000)
  from space 5376K, 99% used [0x00000007d9d40000,0x00000007da27c500,0x00000007da280000)
  to   space 11072K, 0% used [0x00000007de750000,0x00000007de750000,0x00000007df220000)
 ParOldGen       total 86272K, used 8886K [0x0000000781a00000, 0x0000000786e40000, 0x00000007d5e00000)
  object space 86272K, 10% used [0x0000000781a00000,0x00000007822adb98,0x0000000786e40000)
 PSPermGen       total 21248K, used 17908K [0x000000077c800000, 0x000000077dcc0000, 0x0000000781a00000)
  object space 21248K, 84% used [0x000000077c800000,0x000000077d97d170,0x000000077dcc0000)
}
Event: 6.349 GC heap before
{Heap before GC invocations=6 (full 0):
 PSYoungGen      total 70144K, used 70129K [0x00000007d5e00000, 0x00000007df220000, 0x0000000800000000)
  eden space 64768K, 100% used [0x00000007d5e00000,0x00000007d9d40000,0x00000007d9d40000)
  from space 5376K, 99% used [0x00000007d9d40000,0x00000007da27c500,0x00000007da280000)
  to   space 11072K, 0% used [0x00000007de750000,0x00000007de750000,0x00000007df220000)
 ParOldGen       total 86272K, used 8886K [0x0000000781a00000, 0x0000000786e40000, 0x00000007d5e00000)
  object space 86272K, 10% used [0x0000000781a00000,0x00000007822adb98,0x0000000786e40000)
 PSPermGen       total 21248K, used 18377K [0x000000077c800000, 0x000000077dcc0000, 0x0000000781a00000)
  object space 21248K, 86% used [0x000000077c800000,0x000000077d9f2428,0x000000077dcc0000)
Event: 6.365 GC heap after
Heap after GC invocations=6 (full 0):
 PSYoungGen      total 138432K, used 11049K [0x00000007d5e00000, 0x00000007df660000, 0x0000000800000000)
  eden space 127360K, 0% used [0x00000007d5e00000,0x00000007d5e00000,0x00000007dda60000)
  from space 11072K, 99% used [0x00000007de750000,0x00000007df21a5b8,0x00000007df220000)
  to   space 13248K, 0% used [0x00000007dda60000,0x00000007dda60000,0x00000007de750000)
 ParOldGen       total 86272K, used 9733K [0x0000000781a00000, 0x0000000786e40000, 0x00000007d5e00000)
  object space 86272K, 11% used [0x0000000781a00000,0x0000000782381500,0x0000000786e40000)
 PSPermGen       total 21248K, used 18377K [0x000000077c800000, 0x000000077dcc0000, 0x0000000781a00000)
  object space 21248K, 86% used [0x000000077c800000,0x000000077d9f2428,0x000000077dcc0000)
}
Event: 10.801 GC heap before
{Heap before GC invocations=7 (full 0):
 PSYoungGen      total 138432K, used 138409K [0x00000007d5e00000, 0x00000007df660000, 0x0000000800000000)
  eden space 127360K, 100% used [0x00000007d5e00000,0x00000007dda60000,0x00000007dda60000)
  from space 11072K, 99% used [0x00000007de750000,0x00000007df21a5b8,0x00000007df220000)
  to   space 13248K, 0% used [0x00000007dda60000,0x00000007dda60000,0x00000007de750000)
 ParOldGen       total 86272K, used 9733K [0x0000000781a00000, 0x0000000786e40000, 0x00000007d5e00000)
  object space 86272K, 11% used [0x0000000781a00000,0x0000000782381500,0x0000000786e40000)
 PSPermGen       total 26816K, used 26767K [0x000000077c800000, 0x000000077e230000, 0x0000000781a00000)
  object space 26816K, 99% used [0x000000077c800000,0x000000077e223dc0,0x000000077e230000)
Event: 10.824 GC heap after
Heap after GC invocations=7 (full 0):
 PSYoungGen      total 140608K, used 13227K [0x00000007d5e00000, 0x00000007e7860000, 0x0000000800000000)
  eden space 127360K, 0% used [0x00000007d5e00000,0x00000007d5e00000,0x00000007dda60000)
  from space 13248K, 99% used [0x00000007dda60000,0x00000007de74af00,0x00000007de750000)
  to   space 17216K, 0% used [0x00000007e6790000,0x00000007e6790000,0x00000007e7860000)
 ParOldGen       total 86272K, used 13645K [0x0000000781a00000, 0x0000000786e40000, 0x00000007d5e00000)
  object space 86272K, 15% used [0x0000000781a00000,0x0000000782753590,0x0000000786e40000)
 PSPermGen       total 26816K, used 26767K [0x000000077c800000, 0x000000077e230000, 0x0000000781a00000)
  object space 26816K, 99% used [0x000000077c800000,0x000000077e223dc0,0x000000077e230000)
}

Deoptimization events (10 events):
Event: 16.447 Thread 0x0000000011ec3000 Uncommon trap -58 fr.pc 0x000000000263bc10
Event: 16.447 Thread 0x0000000011ec3000 Uncommon trap -58 fr.pc 0x0000000002536a00
Event: 16.447 Thread 0x0000000011ec3000 Uncommon trap -58 fr.pc 0x0000000002536a00
Event: 16.447 Thread 0x0000000011ec3000 Uncommon trap -58 fr.pc 0x0000000002536a00
Event: 16.447 Thread 0x0000000011ec3000 Uncommon trap -83 fr.pc 0x0000000002567c10
Event: 16.447 Thread 0x0000000011ec3000 Uncommon trap -58 fr.pc 0x000000000263bc10
Event: 16.447 Thread 0x0000000011ec3000 Uncommon trap -83 fr.pc 0x0000000002508510
Event: 16.447 Thread 0x0000000011ec3000 Uncommon trap -58 fr.pc 0x0000000002623dcc
Event: 16.447 Thread 0x0000000011ec3000 Uncommon trap -58 fr.pc 0x0000000002630960
Event: 16.450 Thread 0x0000000011ec3000 Uncommon trap -58 fr.pc 0x0000000002646cc4

Internal exceptions (10 events):
Event: 16.465 Thread 0x0000000011ec3000 Threw 0x00000007dcb31028 at C:\jdk7u2_64p\jdk7u25\hotspot\src\share\vm\prims\jvm.cpp:1235
Event: 16.466 Thread 0x0000000011ec3000 Threw 0x00000007dcb3b710 at C:\jdk7u2_64p\jdk7u25\hotspot\src\share\vm\prims\jvm.cpp:1235
Event: 16.466 Thread 0x0000000011ec3000 Threw 0x00000007dcb3e070 at C:\jdk7u2_64p\jdk7u25\hotspot\src\share\vm\prims\jvm.cpp:1235
Event: 16.468 Thread 0x0000000011ec3000 Threw 0x00000007dcb55740 at C:\jdk7u2_64p\jdk7u25\hotspot\src\share\vm\prims\jvm.cpp:1235
Event: 16.468 Thread 0x0000000011ec3000 Threw 0x00000007dcb58158 at C:\jdk7u2_64p\jdk7u25\hotspot\src\share\vm\prims\jvm.cpp:1235
Event: 16.469 Thread 0x0000000011ec3000 Threw 0x00000007dcb6a4d8 at C:\jdk7u2_64p\jdk7u25\hotspot\src\share\vm\prims\jvm.cpp:1235
Event: 16.469 Thread 0x0000000011ec3000 Threw 0x00000007dcb6dff0 at C:\jdk7u2_64p\jdk7u25\hotspot\src\share\vm\prims\jvm.cpp:1235
Event: 16.470 Thread 0x0000000011ec3000 Threw 0x00000007dcb79ab8 at C:\jdk7u2_64p\jdk7u25\hotspot\src\share\vm\prims\jvm.cpp:1235
Event: 16.470 Thread 0x0000000011ec3000 Threw 0x00000007dcb7c418 at C:\jdk7u2_64p\jdk7u25\hotspot\src\share\vm\prims\jvm.cpp:1235
Event: 17.013 Thread 0x0000000012029000 Threw 0x00000007dc8af8f8 at C:\jdk7u2_64p\jdk7u25\hotspot\src\share\vm\prims\jni.cpp:2973

Events (10 events):
Event: 16.466 loading class 0x00000000117e30c0
Event: 16.466 loading class 0x00000000117e30c0 done
Event: 16.468 loading class 0x00000000114fb280
Event: 16.468 loading class 0x00000000114fb280 done
Event: 16.469 loading class 0x000000001243fd50
Event: 16.469 loading class 0x000000001243fd50 done
Event: 16.470 loading class 0x00000000117e3430
Event: 16.470 loading class 0x00000000117e3430 done
Event: 16.475 Executing VM operation: RevokeBias
Event: 16.476 Executing VM operation: RevokeBias done


Dynamic libraries:
0x0000000000400000 - 0x000000000043a000 	D:\Program Files\NetBeans 7.4 Beta\platform\lib\nbexec64.exe
0x0000000076ea0000 - 0x0000000077049000 	C:\Windows\SYSTEM32\ntdll.dll
0x00000000767c0000 - 0x00000000768df000 	C:\Windows\system32\kernel32.dll
0x000007fefd4b0000 - 0x000007fefd51c000 	C:\Windows\system32\KERNELBASE.dll
0x000007feff010000 - 0x000007feff0eb000 	C:\Windows\system32\ADVAPI32.dll
0x000007fefdba0000 - 0x000007fefdc3f000 	C:\Windows\system32\msvcrt.dll
0x000007fefec90000 - 0x000007fefecaf000 	C:\Windows\SYSTEM32\sechost.dll
0x000007fefda70000 - 0x000007fefdb9d000 	C:\Windows\system32\RPCRT4.dll
0x0000000076c50000 - 0x0000000076d4a000 	C:\Windows\system32\USER32.dll
0x000007fefef90000 - 0x000007fefeff7000 	C:\Windows\system32\GDI32.dll
0x000007fefd9e0000 - 0x000007fefd9ee000 	C:\Windows\system32\LPK.dll
0x000007fefd6d0000 - 0x000007fefd799000 	C:\Windows\system32\USP10.dll
0x000007fefeec0000 - 0x000007fefeeee000 	C:\Windows\system32\IMM32.DLL
0x000007fefeb80000 - 0x000007fefec89000 	C:\Windows\system32\MSCTF.dll
0x0000000063c80000 - 0x0000000063dd3000 	D:\Program Files\NetBeans 7.4 Beta\platform\lib\nbexec64.dll
0x00000000505f0000 - 0x0000000050cff000 	D:\jdk1.7.0_25\jre\bin\server\jvm.dll
0x000007fef9110000 - 0x000007fef9119000 	C:\Windows\system32\WSOCK32.dll
0x000007fefeb30000 - 0x000007fefeb7d000 	C:\Windows\system32\WS2_32.dll
0x000007feff000000 - 0x000007feff008000 	C:\Windows\system32\NSI.dll
0x000007fefb280000 - 0x000007fefb2bb000 	C:\Windows\system32\WINMM.dll
0x0000000077070000 - 0x0000000077077000 	C:\Windows\system32\PSAPI.DLL
0x0000000067d30000 - 0x0000000067e01000 	D:\jdk1.7.0_25\jre\bin\MSVCR100.dll
0x000000006eb10000 - 0x000000006eb4f000 	D:\jdk1.7.0_25\jre\bin\splashscreen.dll
0x000000006f5b0000 - 0x000000006f5bf000 	D:\jdk1.7.0_25\jre\bin\verify.dll
0x000000006f1f0000 - 0x000000006f218000 	D:\jdk1.7.0_25\jre\bin\java.dll
0x000000006f1d0000 - 0x000000006f1e5000 	D:\jdk1.7.0_25\jre\bin\zip.dll
0x000000006e990000 - 0x000000006e9a9000 	D:\jdk1.7.0_25\jre\bin\net.dll
0x000007fefcb30000 - 0x000007fefcb85000 	C:\Windows\system32\mswsock.dll
0x000007fefcb20000 - 0x000007fefcb27000 	C:\Windows\System32\wship6.dll
0x000000006f1b0000 - 0x000000006f1c1000 	D:\jdk1.7.0_25\jre\bin\nio.dll
0x000007fef9f50000 - 0x000007fef9f77000 	C:\Windows\system32\IPHLPAPI.DLL
0x000007fef9f40000 - 0x000007fef9f4b000 	C:\Windows\system32\WINNSI.DLL
0x000007fef8a80000 - 0x000007fef8a91000 	C:\Windows\system32\dhcpcsvc6.DLL
0x000007fef8e20000 - 0x000007fef8e38000 	C:\Windows\system32\dhcpcsvc.DLL
0x00000000679f0000 - 0x0000000067b85000 	D:\jdk1.7.0_25\jre\bin\awt.dll
0x000007fefea50000 - 0x000007fefeb27000 	C:\Windows\system32\OLEAUT32.dll
0x000007fefecb0000 - 0x000007fefeeb3000 	C:\Windows\system32\ole32.dll
0x000007fefcb90000 - 0x000007fefcba7000 	C:\Windows\system32\CRYPTSP.dll
0x000007fefc890000 - 0x000007fefc8d7000 	C:\Windows\system32\rsaenh.dll
0x000007fefc5f0000 - 0x000007fefc60e000 	C:\Windows\system32\USERENV.dll
0x000007fefd300000 - 0x000007fefd30f000 	C:\Windows\system32\profapi.dll
0x000007fefd1f0000 - 0x000007fefd1ff000 	C:\Windows\system32\CRYPTBASE.dll
0x000007fefb300000 - 0x000007fefb315000 	C:\Windows\system32\NLAapi.dll
0x000007fef3bb0000 - 0x000007fef3bc5000 	C:\Windows\system32\napinsp.dll
0x000007fef3b50000 - 0x000007fef3b69000 	C:\Windows\system32\pnrpnsp.dll
0x000007fefc9b0000 - 0x000007fefca0b000 	C:\Windows\system32\DNSAPI.dll
0x000007fef3c10000 - 0x000007fef3c1b000 	C:\Windows\System32\winrnr.dll
0x000007fef3b40000 - 0x000007fef3b50000 	C:\Windows\system32\wshbth.dll
0x000007fef5650000 - 0x000007fef567e000 	C:\Program Files\Common Files\Microsoft Shared\Windows Live\WLIDNSP.DLL
0x000007fefdc40000 - 0x000007fefdcb1000 	C:\Windows\system32\SHLWAPI.dll
0x000007fefc4e0000 - 0x000007fefc4e7000 	C:\Windows\System32\wshtcpip.dll
0x000007fefb030000 - 0x000007fefb038000 	C:\Windows\system32\rasadhlp.dll
0x000007fef8ae0000 - 0x000007fef8b33000 	C:\Windows\System32\fwpuclnt.dll
0x000007fefb1e0000 - 0x000007fefb1f8000 	C:\Windows\system32\DWMAPI.DLL
0x000007fefbc90000 - 0x000007fefbe84000 	C:\Windows\WinSxS\amd64_microsoft.windows.common-controls_6595b64144ccf1df_6.0.7601.17514_none_fa396087175ac9ac\COMCTL32.dll
0x000007fefb8e0000 - 0x000007fefb936000 	C:\Windows\system32\uxtheme.dll
0x0000000010000000 - 0x0000000010013000 	D:\Program Files (x86)\Dict\5.4.43.3217\WordStrokeHelper64.dll
0x000000006e8b0000 - 0x000000006e8ef000 	D:\jdk1.7.0_25\jre\bin\fontmanager.dll
0x000000006e860000 - 0x000000006e8a1000 	D:\jdk1.7.0_25\jre\bin\t2k.dll
0x0000000180000000 - 0x0000000180038000 	D:\Program Files\NetBeans 7.4 Beta\platform\modules\lib\amd64\jnidispatch-340.dll
0x000007fefdcc0000 - 0x000007fefea48000 	C:\Windows\system32\SHELL32.dll
0x000007fef7590000 - 0x000007fef7601000 	C:\Windows\system32\winhttp.dll
0x000007fef7520000 - 0x000007fef7584000 	C:\Windows\system32\webio.dll
0x000007fefeef0000 - 0x000007fefef89000 	C:\Windows\system32\CLBCatQ.DLL
0x000007fefa430000 - 0x000007fefa55a000 	C:\Windows\system32\WindowsCodecs.dll
0x000007fefd190000 - 0x000007fefd1e7000 	C:\Windows\system32\apphelp.dll
0x000007fef9d00000 - 0x000007fef9d2b000 	C:\Users\John\AppData\Roaming\Dropbox\bin\DropboxExt64.19.dll
0x000007fef9470000 - 0x000007fef9595000 	C:\Windows\system32\dbghelp.dll
0x0000000071f50000 - 0x0000000072023000 	C:\Windows\WinSxS\amd64_microsoft.vc90.crt_1fc8b3b9a1e18e3b_9.0.30729.6161_none_08e61857a83bc251\MSVCP90.dll
0x0000000072120000 - 0x00000000721c3000 	C:\Windows\WinSxS\amd64_microsoft.vc90.crt_1fc8b3b9a1e18e3b_9.0.30729.6161_none_08e61857a83bc251\MSVCR90.dll
0x000007fef9cc0000 - 0x000007fef9cf5000 	C:\Windows\system32\EhStorShell.dll
0x000007fefd7a0000 - 0x000007fefd977000 	C:\Windows\system32\SETUPAPI.dll
0x000007fefd3b0000 - 0x000007fefd3e6000 	C:\Windows\system32\CFGMGR32.dll
0x000007fefd490000 - 0x000007fefd4aa000 	C:\Windows\system32\DEVOBJ.dll
0x000007fefbae0000 - 0x000007fefbc0c000 	C:\Windows\system32\PROPSYS.dll
0x000007fef93f0000 - 0x000007fef946e000 	C:\Windows\System32\cscui.dll
0x000007fef9cb0000 - 0x000007fef9cbc000 	C:\Windows\System32\CSCDLL.dll
0x000007fef9ca0000 - 0x000007fef9caf000 	C:\Windows\system32\CSCAPI.dll
0x000007fef9370000 - 0x000007fef93f0000 	C:\Windows\system32\ntshrui.dll
0x000007fefcef0000 - 0x000007fefcf13000 	C:\Windows\system32\srvcli.dll
0x000007fefb160000 - 0x000007fefb16b000 	C:\Windows\system32\slc.dll
0x0000000016fd0000 - 0x000000001735e000 	C:\Windows\system32\QQWUBI.IME
0x000007fef5e10000 - 0x000007fef5e17000 	C:\Windows\system32\MSIMG32.dll
0x000007fefc260000 - 0x000007fefc271000 	C:\Windows\system32\WTSAPI32.dll
0x000007fefc250000 - 0x000007fefc25c000 	C:\Windows\system32\VERSION.dll
0x000007fefa2f0000 - 0x000007fefa306000 	C:\Windows\system32\NETAPI32.dll
0x000007fefa2e0000 - 0x000007fefa2ec000 	C:\Windows\system32\netutils.dll
0x000007fefa2c0000 - 0x000007fefa2d5000 	C:\Windows\system32\wkscli.dll
0x000007fefd2a0000 - 0x000007fefd2dd000 	C:\Windows\system32\WINSTA.dll
0x000000006eb90000 - 0x000000006ebb4000 	D:\jdk1.7.0_25\jre\bin\sunec.dll
0x000000006fd70000 - 0x000000006fd7b000 	D:\jdk1.7.0_25\jre\bin\sunmscapi.dll
0x000007fefd560000 - 0x000007fefd6ca000 	C:\Windows\system32\CRYPT32.dll
0x000007fefd3a0000 - 0x000007fefd3af000 	C:\Windows\system32\MSASN1.dll
0x000000006ec00000 - 0x000000006ec0f000 	D:\jdk1.7.0_25\jre\bin\prism-d3d.dll
0x000007feea970000 - 0x000007feeab6f000 	C:\Windows\system32\d3d9.dll
0x000007fef6770000 - 0x000007fef6777000 	C:\Windows\system32\d3d8thk.dll
0x0000000072030000 - 0x00000000720f6000 	C:\Windows\system32\aticfx64.dll
0x000007fee2a30000 - 0x000007fee2a3d000 	C:\Windows\system32\atiu9p64.dll
0x000000001a6b0000 - 0x000000001aeb5000 	C:\Windows\system32\igdumd64.dll

VM Arguments:
jvm_args: -Dnetbeans.logger.console=true -ea -Dfile.encoding=GBK -Djdk.home=D:\jdk1.7.0_25 -Dnetbeans.home=D:\Program Files\NetBeans 7.4 Beta\platform -Dnetbeans.user=D:\yfassist\yfassist\build\testuserdir -Dnetbeans.default_userdir_root= -XX:+HeapDumpOnOutOfMemoryError -XX:HeapDumpPath=D:\yfassist\yfassist\build\testuserdir\var\log\heapdump.hprof -Dsun.awt.keepWorkingSetOnMinimize=true -Dnetbeans.dirs=D:\yfassist\yfassist\build\cluster;D:\Program Files\NetBeans 7.4 Beta\ide;D:\Program Files\NetBeans 7.4 Beta\platform exit 
java_command: <unknown>
Launcher Type: generic

Environment Variables:
JAVA_HOME=D:\jdk1.7.0_25
CLASSPATH=.;D:\jdk1.7.0_25\lib\tools.jar;D:\jdk1.7.0_25\lib\dt.jar;
USERNAME=John
OS=Windows_NT
PROCESSOR_IDENTIFIER=Intel64 Family 6 Model 42 Stepping 7, GenuineIntel



---------------  S Y S T E M  ---------------

OS: Windows 7 , 64 bit Build 7601 Service Pack 1

CPU:total 4 (2 cores per cpu, 2 threads per core) family 6 model 42 stepping 7, cmov, cx8, fxsr, mmx, sse, sse2, sse3, ssse3, sse4.1, sse4.2, popcnt, avx, ht, tsc, tscinvbit

Memory: 4k page, physical 8280236k(2899960k free), swap 12472680k(5600024k free)

vm_info: Java HotSpot(TM) 64-Bit Server VM (23.25-b01) for windows-amd64 JRE (1.7.0_25-b17), built on Jun 21 2013 12:58:32 by "java_re" with unknown MS VC++:1600

time: Wed Jul 17 16:48:39 2013
elapsed time: 17 seconds

