#
# A fatal error has been detected by the Java Runtime Environment:
#
#  EXCEPTION_ACCESS_VIOLATION (0xc0000005) at pc=0x00000000506e115b, pid=15780, tid=7768
#
# JRE version: 7.0_25-b17
# Java VM: Java HotSpot(TM) 64-Bit Server VM (23.25-b01 mixed mode windows-amd64 compressed oops)
# Problematic frame:
# V  [jvm.dll+0xf115b]
#
# Failed to write core dump. Minidumps are not enabled by default on client versions of Windows
#
# If you would like to submit a bug report, please visit:
#   http://bugreport.sun.com/bugreport/crash.jsp
#

---------------  T H R E A D  ---------------

Current thread (0x0000000011795800):  JavaThread "QuantumRenderer-0" daemon [_thread_in_vm, id=7768, stack(0x0000000014e20000,0x0000000015020000)]

siginfo: ExceptionCode=0xc0000005, reading address 0x0000000000000000

Registers:
RAX=0x0000000000000000, RBX=0x0000000011795800, RCX=0x0000000011795800, RDX=0x00000007dbebd108
RSP=0x000000001501e000, RBP=0x0000000000000000, RSI=0x0000000000000000, RDI=0x0000000000000000
R8 =0x0000000000000000, R9 =0x0000000050c3bbf0, R10=0x0000000000000000, R11=0x000000001501e030
R12=0x000000001501e5e0, R13=0x000000077ee01138, R14=0x000000001501e698, R15=0x0000000011795800
RIP=0x00000000506e115b, EFLAGS=0x0000000000010202

Top of Stack: (sp=0x000000001501e000)
0x000000001501e000:   00000384000005a0 0000000011795800
0x000000001501e010:   0000000000000000 000007feea986e9d
0x000000001501e020:   000000000ef81300 000000001501e0b0
0x000000001501e030:   0000000011795800 000000000b79cc40
0x000000001501e040:   0000000000000b9d 0000000050afc0a0
0x000000001501e050:   0000000000000000 000000006fd72449
0x000000001501e060:   000000001501e5e0 0000000000000000
0x000000001501e070:   0000000000000000 000000001501e5e0
0x000000001501e080:   000000001373cdc0 000000006fd738c8
0x000000001501e090:   000000001373cdc0 0000000000000000
0x000000001501e0a0:   0000000000000000 0000000000000000
0x000000001501e0b0:   3436786663697461 000000006c6c642e
0x000000001501e0c0:   0000000000000000 0000000000000000
0x000000001501e0d0:   0000000000000000 0000000000000000
0x000000001501e0e0:   0000000000000000 0000000000000000
0x000000001501e0f0:   0000000000000000 0000000000000000 

Instructions: (pc=0x00000000506e115b)
0x00000000506e113b:   4c 8b 0f 45 33 c0 33 d2 48 8b cb c6 44 24 28 01
0x00000000506e114b:   48 89 7c 24 20 e8 5b a1 06 00 48 83 7c 24 38 00
0x00000000506e115b:   48 8b 07 48 63 57 10 48 8b 48 78 0f b6 34 0a 74
0x00000000506e116b:   0a 48 8d 4c 24 30 e8 4a 57 10 00 48 8b 7b 48 48 


Register to memory mapping:

RAX=0x0000000000000000 is an unknown value
RBX=0x0000000011795800 is a thread
RCX=0x0000000011795800 is a thread
RDX=0x00000007dbebd108 is an oop
java.lang.NoSuchFieldError 
 - klass: 'java/lang/NoSuchFieldError'
RSP=0x000000001501e000 is pointing into the stack for thread: 0x0000000011795800
RBP=0x0000000000000000 is an unknown value
RSI=0x0000000000000000 is an unknown value
RDI=0x0000000000000000 is an unknown value
R8 =0x0000000000000000 is an unknown value
R9 =0x0000000050c3bbf0 is an unknown value
R10=0x0000000000000000 is an unknown value
R11=0x000000001501e030 is pointing into the stack for thread: 0x0000000011795800
R12=0x000000001501e5e0 is pointing into the stack for thread: 0x0000000011795800
R13=0x000000077ee01138 is an oop
{method} 
 - klass: {other class}
R14=0x000000001501e698 is pointing into the stack for thread: 0x0000000011795800
R15=0x0000000011795800 is a thread


Stack: [0x0000000014e20000,0x0000000015020000],  sp=0x000000001501e000,  free space=2040k
Native frames: (J=compiled Java code, j=interpreted, Vv=VM code, C=native code)
V  [jvm.dll+0xf115b]

[error occurred during error reporting (printing native stack), id 0xc0000005]

Java frames: (J=compiled Java code, j=interpreted, Vv=VM code)
j  com.sun.prism.d3d.D3DPipeline.nInit(Ljava/lang/Class;)J+0
j  com.sun.prism.d3d.D3DPipeline.access$000(Ljava/lang/Class;)J+1
j  com.sun.prism.d3d.D3DPipeline$1.run()Ljava/lang/Boolean;+36
j  com.sun.prism.d3d.D3DPipeline$1.run()Ljava/lang/Object;+1
v  ~StubRoutines::call_stub
j  java.security.AccessController.doPrivileged(Ljava/security/PrivilegedAction;)Ljava/lang/Object;+0
j  com.sun.prism.d3d.D3DPipeline.<clinit>()V+24
v  ~StubRoutines::call_stub
j  java.lang.Class.forName0(Ljava/lang/String;ZLjava/lang/ClassLoader;)Ljava/lang/Class;+0
j  java.lang.Class.forName(Ljava/lang/String;)Ljava/lang/Class;+8
j  com.sun.prism.GraphicsPipeline.createPipeline()Lcom/sun/prism/GraphicsPipeline;+171
j  com.sun.javafx.tk.quantum.QuantumRenderer$PipelineRunnable.init()V+0
j  com.sun.javafx.tk.quantum.QuantumRenderer$PipelineRunnable.run()V+1
j  java.lang.Thread.run()V+11
v  ~StubRoutines::call_stub

---------------  P R O C E S S  ---------------

Java Threads: ( => current thread )
=>0x0000000011795800 JavaThread "QuantumRenderer-0" daemon [_thread_in_vm, id=7768, stack(0x0000000014e20000,0x0000000015020000)]
  0x0000000011794800 JavaThread "Image Fetcher 1" daemon [_thread_blocked, id=11600, stack(0x0000000014c20000,0x0000000014e20000)]
  0x0000000011794000 JavaThread "Image Fetcher 0" daemon [_thread_blocked, id=11400, stack(0x0000000014a20000,0x0000000014c20000)]
  0x0000000011793000 JavaThread "Flushing caches" [_thread_blocked, id=11300, stack(0x0000000015ba0000,0x0000000015da0000)]
  0x0000000011792800 JavaThread "TimerQueue" daemon [_thread_blocked, id=14344, stack(0x0000000015710000,0x0000000015910000)]
  0x0000000011791800 JavaThread "Thread-4" daemon [_thread_blocked, id=9516, stack(0x00000000159a0000,0x0000000015ba0000)]
  0x0000000011636800 JavaThread "File Watcher" daemon [_thread_blocked, id=15140, stack(0x00000000151d0000,0x00000000153d0000)]
  0x0000000011635800 JavaThread "Inactive RequestProcessor thread [Was:CSLNavigatorScheduler/org.netbeans.modules.csl.navigation.CSLNavigatorScheduler$1]" daemon [_thread_blocked, id=15484, stack(0x0000000014620000,0x0000000014820000)]
  0x0000000011635000 JavaThread "Inactive RequestProcessor thread [Was:On Start/Stop/null]" daemon [_thread_blocked, id=8520, stack(0x00000000106d0000,0x00000000108d0000)]
  0x0000000011634000 JavaThread "Inactive RequestProcessor thread [Was:SelectedNodesScheduler/org.netbeans.modules.parsing.impl.SelectedNodesScheduler$1]" daemon [_thread_blocked, id=18048, stack(0x00000000104d0000,0x00000000106d0000)]
  0x0000000011633800 JavaThread "Inactive RequestProcessor thread [Was:On Start/Stop/org.netbeans.core.execution.Install]" daemon [_thread_blocked, id=8632, stack(0x00000000102d0000,0x00000000104d0000)]
  0x0000000011632000 JavaThread "Bundle File Closer" daemon [_thread_blocked, id=13820, stack(0x0000000014420000,0x0000000014620000)]
  0x0000000011631000 JavaThread "Inactive RequestProcessor thread [Was:MimePathLookupFiring/org.openide.util.lookup.ProxyLookup$1Notify]" daemon [_thread_blocked, id=20628, stack(0x0000000014220000,0x0000000014420000)]
  0x0000000011630000 JavaThread "Framework Event Dispatcher" daemon [_thread_blocked, id=25884, stack(0x0000000014020000,0x0000000014220000)]
  0x000000001162f800 JavaThread "State Saver" [_thread_blocked, id=20564, stack(0x0000000013e20000,0x0000000014020000)]
  0x00000000117f8800 JavaThread "Framework Active Thread" [_thread_blocked, id=10828, stack(0x0000000012bf0000,0x0000000012df0000)]
  0x000000000df37800 JavaThread "AWT-EventQueue-0" [_thread_blocked, id=10596, stack(0x000000000fd70000,0x000000000ff70000)]
  0x000000000de59800 JavaThread "AWT-Windows" daemon [_thread_in_native, id=23420, stack(0x000000000f910000,0x000000000fb10000)]
  0x000000000deab800 JavaThread "AWT-Shutdown" [_thread_blocked, id=21680, stack(0x000000000f710000,0x000000000f910000)]
  0x000000000dea9000 JavaThread "Java2D Disposer" daemon [_thread_blocked, id=22908, stack(0x000000000f510000,0x000000000f710000)]
  0x000000000d076800 JavaThread "RequestProcessor queue manager" daemon [_thread_blocked, id=24860, stack(0x000000000f310000,0x000000000f510000)]
  0x000000000cf8c000 JavaThread "Inactive RequestProcessor thread [Was:Logging Flush/org.netbeans.core.startup.logging.DispatchingHandler]" daemon [_thread_blocked, id=4956, stack(0x000000000ec10000,0x000000000ee10000)]
  0x000000000d052000 JavaThread "CLI Requests Server" daemon [_thread_in_native, id=4284, stack(0x000000000ea10000,0x000000000ec10000)]
  0x000000000cf58000 JavaThread "Active Reference Queue Daemon" daemon [_thread_blocked, id=24044, stack(0x000000000e610000,0x000000000e810000)]
  0x000000000b7a7000 JavaThread "Service Thread" daemon [_thread_blocked, id=15256, stack(0x000000000d8c0000,0x000000000dac0000)]
  0x000000000b7a5000 JavaThread "C2 CompilerThread1" daemon [_thread_in_native, id=15156, stack(0x000000000d6c0000,0x000000000d8c0000)]
  0x000000000b7a0800 JavaThread "C2 CompilerThread0" daemon [_thread_blocked, id=22252, stack(0x000000000d4c0000,0x000000000d6c0000)]
  0x000000000b79f800 JavaThread "Attach Listener" daemon [_thread_blocked, id=24996, stack(0x000000000d2c0000,0x000000000d4c0000)]
  0x000000000b77d000 JavaThread "Signal Dispatcher" daemon [_thread_blocked, id=15672, stack(0x000000000d0c0000,0x000000000d2c0000)]
  0x000000000225a000 JavaThread "Finalizer" daemon [_thread_blocked, id=17260, stack(0x000000000cac0000,0x000000000ccc0000)]
  0x0000000002253000 JavaThread "Reference Handler" daemon [_thread_blocked, id=21968, stack(0x000000000c8c0000,0x000000000cac0000)]
  0x000000000030f000 JavaThread "main" [_thread_blocked, id=2656, stack(0x0000000000030000,0x0000000000230000)]

Other Threads:
  0x000000000b6f2800 VMThread [stack: 0x000000000c6c0000,0x000000000c8c0000] [id=17396]
  0x000000000b7a8800 WatcherThread [stack: 0x000000000dac0000,0x000000000dcc0000] [id=11876]

VM state:not at safepoint (normal execution)

VM Mutex/Monitor currently owned by a thread: None

Heap
 PSYoungGen      total 140480K, used 112375K [0x00000007d5e00000, 0x00000007e77a0000, 0x0000000800000000)
  eden space 127360K, 77% used [0x00000007d5e00000,0x00000007dbef32e0,0x00000007dda60000)
  from space 13120K, 99% used [0x00000007dda60000,0x00000007de72a9a0,0x00000007de730000)
  to   space 16832K, 0% used [0x00000007e6730000,0x00000007e6730000,0x00000007e77a0000)
 ParOldGen       total 86272K, used 13258K [0x0000000781a00000, 0x0000000786e40000, 0x00000007d5e00000)
  object space 86272K, 15% used [0x0000000781a00000,0x00000007826f2b48,0x0000000786e40000)
 PSPermGen       total 39104K, used 38932K [0x000000077c800000, 0x000000077ee30000, 0x0000000781a00000)
  object space 39104K, 99% used [0x000000077c800000,0x000000077ee05090,0x000000077ee30000)

Card table byte_map: [0x0000000005320000,0x0000000005740000] byte_map_base: 0x000000000173c000

Polling page: 0x0000000000310000

Code Cache  [0x0000000002260000, 0x00000000025b0000, 0x0000000005260000)
 total_blobs=1387 nmethods=806 adapters=531 free_code_cache=46342Kb largest_free_block=46894848

Compilation events (10 events):
Event: 13.319 Thread 0x000000000b7a0800  928   !         java.net.URL::<init> (543 bytes)
Event: 13.351 Thread 0x000000000b7a5000 nmethod 927 0x00000000023a9a90 code [0x00000000023a9ea0, 0x00000000023ab4b0]
Event: 13.351 Thread 0x000000000b7a5000  929  s          sun.java2d.loops.GraphicsPrimitiveMgr::locatePrim (96 bytes)
Event: 13.364 Thread 0x000000000b7a5000 nmethod 929 0x00000000024a5610 code [0x00000000024a57e0, 0x00000000024a6538]
Event: 13.364 Thread 0x000000000b7a5000  930             java.util.regex.Pattern$BnM::optimize (179 bytes)
Event: 13.372 Thread 0x000000000b7a0800 nmethod 928 0x00000000024ec6d0 code [0x00000000024ec900, 0x00000000024ee3b0]
Event: 13.372 Thread 0x000000000b7a0800  931             org.openide.util.lookup.InheritanceTree$NeedsSortEnum::ensureNext (87 bytes)
Event: 13.376 Thread 0x000000000b7a5000 nmethod 930 0x00000000025272d0 code [0x0000000002527440, 0x0000000002527af8]
Event: 13.376 Thread 0x000000000b7a5000  932  s!         org.netbeans.ProxyClassLoader::loadClass (612 bytes)
Event: 13.377 Thread 0x000000000b7a0800 nmethod 931 0x0000000002518a90 code [0x0000000002518c20, 0x0000000002518ed8]

GC Heap History (10 events):
Event: 3.045 GC heap before
{Heap before GC invocations=3 (full 0):
 PSYoungGen      total 37760K, used 37733K [0x00000007d5e00000, 0x00000007da7c0000, 0x0000000800000000)
  eden space 32384K, 100% used [0x00000007d5e00000,0x00000007d7da0000,0x00000007d7da0000)
  from space 5376K, 99% used [0x00000007d82e0000,0x00000007d88197e8,0x00000007d8820000)
  to   space 5376K, 0% used [0x00000007d7da0000,0x00000007d7da0000,0x00000007d82e0000)
 ParOldGen       total 86272K, used 236K [0x0000000781a00000, 0x0000000786e40000, 0x00000007d5e00000)
  object space 86272K, 0% used [0x0000000781a00000,0x0000000781a3b100,0x0000000786e40000)
 PSPermGen       total 21248K, used 14618K [0x000000077c800000, 0x000000077dcc0000, 0x0000000781a00000)
  object space 21248K, 68% used [0x000000077c800000,0x000000077d6469e8,0x000000077dcc0000)
Event: 3.058 GC heap after
Heap after GC invocations=3 (full 0):
 PSYoungGen      total 37760K, used 5365K [0x00000007d5e00000, 0x00000007da7c0000, 0x0000000800000000)
  eden space 32384K, 0% used [0x00000007d5e00000,0x00000007d5e00000,0x00000007d7da0000)
  from space 5376K, 99% used [0x00000007d7da0000,0x00000007d82dd7d8,0x00000007d82e0000)
  to   space 5376K, 0% used [0x00000007da280000,0x00000007da280000,0x00000007da7c0000)
 ParOldGen       total 86272K, used 2289K [0x0000000781a00000, 0x0000000786e40000, 0x00000007d5e00000)
  object space 86272K, 2% used [0x0000000781a00000,0x0000000781c3c548,0x0000000786e40000)
 PSPermGen       total 21248K, used 14618K [0x000000077c800000, 0x000000077dcc0000, 0x0000000781a00000)
  object space 21248K, 68% used [0x000000077c800000,0x000000077d6469e8,0x000000077dcc0000)
}
Event: 3.383 GC heap before
{Heap before GC invocations=4 (full 0):
 PSYoungGen      total 37760K, used 37749K [0x00000007d5e00000, 0x00000007da7c0000, 0x0000000800000000)
  eden space 32384K, 100% used [0x00000007d5e00000,0x00000007d7da0000,0x00000007d7da0000)
  from space 5376K, 99% used [0x00000007d7da0000,0x00000007d82dd7d8,0x00000007d82e0000)
  to   space 5376K, 0% used [0x00000007da280000,0x00000007da280000,0x00000007da7c0000)
 ParOldGen       total 86272K, used 2289K [0x0000000781a00000, 0x0000000786e40000, 0x00000007d5e00000)
  object space 86272K, 2% used [0x0000000781a00000,0x0000000781c3c548,0x0000000786e40000)
 PSPermGen       total 21248K, used 14814K [0x000000077c800000, 0x000000077dcc0000, 0x0000000781a00000)
  object space 21248K, 69% used [0x000000077c800000,0x000000077d677aa8,0x000000077dcc0000)
Event: 3.391 GC heap after
Heap after GC invocations=4 (full 0):
 PSYoungGen      total 70144K, used 5367K [0x00000007d5e00000, 0x00000007da7c0000, 0x0000000800000000)
  eden space 64768K, 0% used [0x00000007d5e00000,0x00000007d5e00000,0x00000007d9d40000)
  from space 5376K, 99% used [0x00000007da280000,0x00000007da7bdd10,0x00000007da7c0000)
  to   space 5376K, 0% used [0x00000007d9d40000,0x00000007d9d40000,0x00000007da280000)
 ParOldGen       total 86272K, used 3682K [0x0000000781a00000, 0x0000000786e40000, 0x00000007d5e00000)
  object space 86272K, 4% used [0x0000000781a00000,0x0000000781d98a38,0x0000000786e40000)
 PSPermGen       total 21248K, used 14814K [0x000000077c800000, 0x000000077dcc0000, 0x0000000781a00000)
  object space 21248K, 69% used [0x000000077c800000,0x000000077d677aa8,0x000000077dcc0000)
}
Event: 4.303 GC heap before
{Heap before GC invocations=5 (full 0):
 PSYoungGen      total 70144K, used 70135K [0x00000007d5e00000, 0x00000007da7c0000, 0x0000000800000000)
  eden space 64768K, 100% used [0x00000007d5e00000,0x00000007d9d40000,0x00000007d9d40000)
  from space 5376K, 99% used [0x00000007da280000,0x00000007da7bdd10,0x00000007da7c0000)
  to   space 5376K, 0% used [0x00000007d9d40000,0x00000007d9d40000,0x00000007da280000)
 ParOldGen       total 86272K, used 3682K [0x0000000781a00000, 0x0000000786e40000, 0x00000007d5e00000)
  object space 86272K, 4% used [0x0000000781a00000,0x0000000781d98a38,0x0000000786e40000)
 PSPermGen       total 21248K, used 17906K [0x000000077c800000, 0x000000077dcc0000, 0x0000000781a00000)
  object space 21248K, 84% used [0x000000077c800000,0x000000077d97c920,0x000000077dcc0000)
Event: 4.313 GC heap after
Heap after GC invocations=5 (full 0):
 PSYoungGen      total 70144K, used 5372K [0x00000007d5e00000, 0x00000007df1e0000, 0x0000000800000000)
  eden space 64768K, 0% used [0x00000007d5e00000,0x00000007d5e00000,0x00000007d9d40000)
  from space 5376K, 99% used [0x00000007d9d40000,0x00000007da27f200,0x00000007da280000)
  to   space 10944K, 0% used [0x00000007de730000,0x00000007de730000,0x00000007df1e0000)
 ParOldGen       total 86272K, used 8750K [0x0000000781a00000, 0x0000000786e40000, 0x00000007d5e00000)
  object space 86272K, 10% used [0x0000000781a00000,0x000000078228b838,0x0000000786e40000)
 PSPermGen       total 21248K, used 17906K [0x000000077c800000, 0x000000077dcc0000, 0x0000000781a00000)
  object space 21248K, 84% used [0x000000077c800000,0x000000077d97c920,0x000000077dcc0000)
}
Event: 5.662 GC heap before
{Heap before GC invocations=6 (full 0):
 PSYoungGen      total 70144K, used 70140K [0x00000007d5e00000, 0x00000007df1e0000, 0x0000000800000000)
  eden space 64768K, 100% used [0x00000007d5e00000,0x00000007d9d40000,0x00000007d9d40000)
  from space 5376K, 99% used [0x00000007d9d40000,0x00000007da27f200,0x00000007da280000)
  to   space 10944K, 0% used [0x00000007de730000,0x00000007de730000,0x00000007df1e0000)
 ParOldGen       total 86272K, used 8750K [0x0000000781a00000, 0x0000000786e40000, 0x00000007d5e00000)
  object space 86272K, 10% used [0x0000000781a00000,0x000000078228b838,0x0000000786e40000)
 PSPermGen       total 21248K, used 18368K [0x000000077c800000, 0x000000077dcc0000, 0x0000000781a00000)
  object space 21248K, 86% used [0x000000077c800000,0x000000077d9f0170,0x000000077dcc0000)
Event: 5.677 GC heap after
Heap after GC invocations=6 (full 0):
 PSYoungGen      total 138304K, used 10931K [0x00000007d5e00000, 0x00000007df620000, 0x0000000800000000)
  eden space 127360K, 0% used [0x00000007d5e00000,0x00000007d5e00000,0x00000007dda60000)
  from space 10944K, 99% used [0x00000007de730000,0x00000007df1dcd90,0x00000007df1e0000)
  to   space 13120K, 0% used [0x00000007dda60000,0x00000007dda60000,0x00000007de730000)
 ParOldGen       total 86272K, used 9759K [0x0000000781a00000, 0x0000000786e40000, 0x00000007d5e00000)
  object space 86272K, 11% used [0x0000000781a00000,0x0000000782387c70,0x0000000786e40000)
 PSPermGen       total 21248K, used 18368K [0x000000077c800000, 0x000000077dcc0000, 0x0000000781a00000)
  object space 21248K, 86% used [0x000000077c800000,0x000000077d9f0170,0x000000077dcc0000)
}
Event: 9.951 GC heap before
{Heap before GC invocations=7 (full 0):
 PSYoungGen      total 138304K, used 138291K [0x00000007d5e00000, 0x00000007df620000, 0x0000000800000000)
  eden space 127360K, 100% used [0x00000007d5e00000,0x00000007dda60000,0x00000007dda60000)
  from space 10944K, 99% used [0x00000007de730000,0x00000007df1dcd90,0x00000007df1e0000)
  to   space 13120K, 0% used [0x00000007dda60000,0x00000007dda60000,0x00000007de730000)
 ParOldGen       total 86272K, used 9759K [0x0000000781a00000, 0x0000000786e40000, 0x00000007d5e00000)
  object space 86272K, 11% used [0x0000000781a00000,0x0000000782387c70,0x0000000786e40000)
 PSPermGen       total 27584K, used 27405K [0x000000077c800000, 0x000000077e2f0000, 0x0000000781a00000)
  object space 27584K, 99% used [0x000000077c800000,0x000000077e2c34a8,0x000000077e2f0000)
Event: 9.983 GC heap after
Heap after GC invocations=7 (full 0):
 PSYoungGen      total 140480K, used 13098K [0x00000007d5e00000, 0x00000007e77a0000, 0x0000000800000000)
  eden space 127360K, 0% used [0x00000007d5e00000,0x00000007d5e00000,0x00000007dda60000)
  from space 13120K, 99% used [0x00000007dda60000,0x00000007de72a9a0,0x00000007de730000)
  to   space 16832K, 0% used [0x00000007e6730000,0x00000007e6730000,0x00000007e77a0000)
 ParOldGen       total 86272K, used 13258K [0x0000000781a00000, 0x0000000786e40000, 0x00000007d5e00000)
  object space 86272K, 15% used [0x0000000781a00000,0x00000007826f2b48,0x0000000786e40000)
 PSPermGen       total 27584K, used 27405K [0x000000077c800000, 0x000000077e2f0000, 0x0000000781a00000)
  object space 27584K, 99% used [0x000000077c800000,0x000000077e2c34a8,0x000000077e2f0000)
}

Deoptimization events (10 events):
Event: 13.272 Thread 0x000000000cf8c000 Uncommon trap -58 fr.pc 0x0000000002466980
Event: 13.272 Thread 0x000000000cf8c000 Uncommon trap -58 fr.pc 0x0000000002466980
Event: 13.272 Thread 0x000000000cf8c000 Uncommon trap -58 fr.pc 0x0000000002466980
Event: 13.272 Thread 0x000000000cf8c000 Uncommon trap -83 fr.pc 0x0000000002491510
Event: 13.272 Thread 0x000000000cf8c000 Uncommon trap -58 fr.pc 0x00000000025986b0
Event: 13.272 Thread 0x000000000cf8c000 Uncommon trap -34 fr.pc 0x0000000002461468
Event: 13.272 Thread 0x000000000cf8c000 Uncommon trap -58 fr.pc 0x0000000002577ee8
Event: 13.272 Thread 0x000000000cf8c000 Uncommon trap -58 fr.pc 0x0000000002586e14
Event: 13.275 Thread 0x000000000cf8c000 Uncommon trap -58 fr.pc 0x000000000256e6c0
Event: 13.307 Thread 0x000000000df37800 Uncommon trap -42 fr.pc 0x0000000002468340

Internal exceptions (10 events):
Event: 13.384 Thread 0x000000000df37800 Threw 0x00000007dbdacee0 at C:\jdk7u2_64p\jdk7u25\hotspot\src\share\vm\prims\jvm.cpp:1235
Event: 13.388 Thread 0x000000000df37800 Threw 0x00000007dbe223c0 at C:\jdk7u2_64p\jdk7u25\hotspot\src\share\vm\prims\jvm.cpp:1235
Event: 13.388 Thread 0x000000000df37800 Threw 0x00000007dbe23d90 at C:\jdk7u2_64p\jdk7u25\hotspot\src\share\vm\prims\jvm.cpp:1235
Event: 13.391 Thread 0x000000000df37800 Threw 0x00000007dbe4aee0 at C:\jdk7u2_64p\jdk7u25\hotspot\src\share\vm\prims\jvm.cpp:1235
Event: 13.391 Thread 0x000000000df37800 Threw 0x00000007dbe4cae8 at C:\jdk7u2_64p\jdk7u25\hotspot\src\share\vm\prims\jvm.cpp:1235
Event: 13.395 Thread 0x0000000011795800 Threw 0x00000007dbea8f78 at C:\jdk7u2_64p\jdk7u25\hotspot\src\share\vm\prims\jvm.cpp:1235
Event: 13.395 Thread 0x0000000011795800 Threw 0x00000007dbeaaa18 at C:\jdk7u2_64p\jdk7u25\hotspot\src\share\vm\prims\jvm.cpp:1235
Event: 13.397 Thread 0x0000000011795800 Threw 0x00000007dbeb6700 at C:\jdk7u2_64p\jdk7u25\hotspot\src\share\vm\prims\jvm.cpp:3718
Event: 13.397 Thread 0x0000000011795800 Threw 0x00000007dbeb6700 at C:\jdk7u2_64p\jdk7u25\hotspot\src\share\vm\prims\jni.cpp:716
Event: 13.417 Thread 0x0000000011795800 Threw 0x00000007dbebd108 at C:\jdk7u2_64p\jdk7u25\hotspot\src\share\vm\prims\jni.cpp:2973

Events (10 events):
Event: 13.388 loading class 0x0000000010ccdcc0 done
Event: 13.391 loading class 0x00000000133708b0
Event: 13.391 loading class 0x00000000133708b0 done
Event: 13.393 loading class 0x0000000010d2f450
Event: 13.393 loading class 0x0000000010d2f450 done
Event: 13.394 Thread 0x0000000011795800 Thread added: 0x0000000011795800
Event: 13.395 loading class 0x000000000cf63ef0
Event: 13.395 loading class 0x000000000cf63ef0 done
Event: 13.396 Executing VM operation: RevokeBias
Event: 13.396 Executing VM operation: RevokeBias done


Dynamic libraries:
0x0000000000400000 - 0x000000000043a000 	D:\Program Files\NetBeans 7.4 Beta\platform\lib\nbexec64.exe
0x0000000076ea0000 - 0x0000000077049000 	C:\Windows\SYSTEM32\ntdll.dll
0x00000000767c0000 - 0x00000000768df000 	C:\Windows\system32\kernel32.dll
0x000007fefd4b0000 - 0x000007fefd51c000 	C:\Windows\system32\KERNELBASE.dll
0x000007feff010000 - 0x000007feff0eb000 	C:\Windows\system32\ADVAPI32.dll
0x000007fefdba0000 - 0x000007fefdc3f000 	C:\Windows\system32\msvcrt.dll
0x000007fefec90000 - 0x000007fefecaf000 	C:\Windows\SYSTEM32\sechost.dll
0x000007fefda70000 - 0x000007fefdb9d000 	C:\Windows\system32\RPCRT4.dll
0x0000000076c50000 - 0x0000000076d4a000 	C:\Windows\system32\USER32.dll
0x000007fefef90000 - 0x000007fefeff7000 	C:\Windows\system32\GDI32.dll
0x000007fefd9e0000 - 0x000007fefd9ee000 	C:\Windows\system32\LPK.dll
0x000007fefd6d0000 - 0x000007fefd799000 	C:\Windows\system32\USP10.dll
0x000007fefeec0000 - 0x000007fefeeee000 	C:\Windows\system32\IMM32.DLL
0x000007fefeb80000 - 0x000007fefec89000 	C:\Windows\system32\MSCTF.dll
0x0000000063c80000 - 0x0000000063dd3000 	D:\Program Files\NetBeans 7.4 Beta\platform\lib\nbexec64.dll
0x00000000505f0000 - 0x0000000050cff000 	D:\jdk1.7.0_25\jre\bin\server\jvm.dll
0x000007fef9110000 - 0x000007fef9119000 	C:\Windows\system32\WSOCK32.dll
0x000007fefeb30000 - 0x000007fefeb7d000 	C:\Windows\system32\WS2_32.dll
0x000007feff000000 - 0x000007feff008000 	C:\Windows\system32\NSI.dll
0x000007fefb280000 - 0x000007fefb2bb000 	C:\Windows\system32\WINMM.dll
0x0000000077070000 - 0x0000000077077000 	C:\Windows\system32\PSAPI.DLL
0x0000000067d30000 - 0x0000000067e01000 	D:\jdk1.7.0_25\jre\bin\MSVCR100.dll
0x000000006eb10000 - 0x000000006eb4f000 	D:\jdk1.7.0_25\jre\bin\splashscreen.dll
0x000000006f5b0000 - 0x000000006f5bf000 	D:\jdk1.7.0_25\jre\bin\verify.dll
0x000000006f1f0000 - 0x000000006f218000 	D:\jdk1.7.0_25\jre\bin\java.dll
0x000000006f1d0000 - 0x000000006f1e5000 	D:\jdk1.7.0_25\jre\bin\zip.dll
0x000000006e990000 - 0x000000006e9a9000 	D:\jdk1.7.0_25\jre\bin\net.dll
0x000007fefcb30000 - 0x000007fefcb85000 	C:\Windows\system32\mswsock.dll
0x000007fefcb20000 - 0x000007fefcb27000 	C:\Windows\System32\wship6.dll
0x000000006f1b0000 - 0x000000006f1c1000 	D:\jdk1.7.0_25\jre\bin\nio.dll
0x000007fef9f50000 - 0x000007fef9f77000 	C:\Windows\system32\IPHLPAPI.DLL
0x000007fef9f40000 - 0x000007fef9f4b000 	C:\Windows\system32\WINNSI.DLL
0x000007fef8a80000 - 0x000007fef8a91000 	C:\Windows\system32\dhcpcsvc6.DLL
0x000007fef8e20000 - 0x000007fef8e38000 	C:\Windows\system32\dhcpcsvc.DLL
0x00000000679f0000 - 0x0000000067b85000 	D:\jdk1.7.0_25\jre\bin\awt.dll
0x000007fefea50000 - 0x000007fefeb27000 	C:\Windows\system32\OLEAUT32.dll
0x000007fefecb0000 - 0x000007fefeeb3000 	C:\Windows\system32\ole32.dll
0x000007fefcb90000 - 0x000007fefcba7000 	C:\Windows\system32\CRYPTSP.dll
0x000007fefc890000 - 0x000007fefc8d7000 	C:\Windows\system32\rsaenh.dll
0x000007fefc5f0000 - 0x000007fefc60e000 	C:\Windows\system32\USERENV.dll
0x000007fefd300000 - 0x000007fefd30f000 	C:\Windows\system32\profapi.dll
0x000007fefd1f0000 - 0x000007fefd1ff000 	C:\Windows\system32\CRYPTBASE.dll
0x000007fefb300000 - 0x000007fefb315000 	C:\Windows\system32\NLAapi.dll
0x000007fef3bb0000 - 0x000007fef3bc5000 	C:\Windows\system32\napinsp.dll
0x000007fef3b50000 - 0x000007fef3b69000 	C:\Windows\system32\pnrpnsp.dll
0x000007fefc9b0000 - 0x000007fefca0b000 	C:\Windows\system32\DNSAPI.dll
0x000007fef3c10000 - 0x000007fef3c1b000 	C:\Windows\System32\winrnr.dll
0x000007fef3b40000 - 0x000007fef3b50000 	C:\Windows\system32\wshbth.dll
0x000007fef5650000 - 0x000007fef567e000 	C:\Program Files\Common Files\Microsoft Shared\Windows Live\WLIDNSP.DLL
0x000007fefdc40000 - 0x000007fefdcb1000 	C:\Windows\system32\SHLWAPI.dll
0x000007fefc4e0000 - 0x000007fefc4e7000 	C:\Windows\System32\wshtcpip.dll
0x000007fefb030000 - 0x000007fefb038000 	C:\Windows\system32\rasadhlp.dll
0x000007fef8ae0000 - 0x000007fef8b33000 	C:\Windows\System32\fwpuclnt.dll
0x000007fefb1e0000 - 0x000007fefb1f8000 	C:\Windows\system32\DWMAPI.DLL
0x000007fefbc90000 - 0x000007fefbe84000 	C:\Windows\WinSxS\amd64_microsoft.windows.common-controls_6595b64144ccf1df_6.0.7601.17514_none_fa396087175ac9ac\COMCTL32.dll
0x000007fefb8e0000 - 0x000007fefb936000 	C:\Windows\system32\uxtheme.dll
0x0000000010000000 - 0x0000000010013000 	D:\Program Files (x86)\Dict\5.4.43.3217\WordStrokeHelper64.dll
0x000000006e8b0000 - 0x000000006e8ef000 	D:\jdk1.7.0_25\jre\bin\fontmanager.dll
0x000000006e860000 - 0x000000006e8a1000 	D:\jdk1.7.0_25\jre\bin\t2k.dll
0x0000000180000000 - 0x0000000180038000 	D:\Program Files\NetBeans 7.4 Beta\platform\modules\lib\amd64\jnidispatch-340.dll
0x000007fefdcc0000 - 0x000007fefea48000 	C:\Windows\system32\SHELL32.dll
0x000007fef7590000 - 0x000007fef7601000 	C:\Windows\system32\winhttp.dll
0x000007fef7520000 - 0x000007fef7584000 	C:\Windows\system32\webio.dll
0x000007fefeef0000 - 0x000007fefef89000 	C:\Windows\system32\CLBCatQ.DLL
0x000007fefa430000 - 0x000007fefa55a000 	C:\Windows\system32\WindowsCodecs.dll
0x000007fefd190000 - 0x000007fefd1e7000 	C:\Windows\system32\apphelp.dll
0x000007fef9d00000 - 0x000007fef9d2b000 	C:\Users\John\AppData\Roaming\Dropbox\bin\DropboxExt64.19.dll
0x000007fef9470000 - 0x000007fef9595000 	C:\Windows\system32\dbghelp.dll
0x0000000071f50000 - 0x0000000072023000 	C:\Windows\WinSxS\amd64_microsoft.vc90.crt_1fc8b3b9a1e18e3b_9.0.30729.6161_none_08e61857a83bc251\MSVCP90.dll
0x0000000072120000 - 0x00000000721c3000 	C:\Windows\WinSxS\amd64_microsoft.vc90.crt_1fc8b3b9a1e18e3b_9.0.30729.6161_none_08e61857a83bc251\MSVCR90.dll
0x000007fef9cc0000 - 0x000007fef9cf5000 	C:\Windows\system32\EhStorShell.dll
0x000007fefd7a0000 - 0x000007fefd977000 	C:\Windows\system32\SETUPAPI.dll
0x000007fefd3b0000 - 0x000007fefd3e6000 	C:\Windows\system32\CFGMGR32.dll
0x000007fefd490000 - 0x000007fefd4aa000 	C:\Windows\system32\DEVOBJ.dll
0x000007fefbae0000 - 0x000007fefbc0c000 	C:\Windows\system32\PROPSYS.dll
0x000007fef93f0000 - 0x000007fef946e000 	C:\Windows\System32\cscui.dll
0x000007fef9cb0000 - 0x000007fef9cbc000 	C:\Windows\System32\CSCDLL.dll
0x000007fef9ca0000 - 0x000007fef9caf000 	C:\Windows\system32\CSCAPI.dll
0x000007fef9370000 - 0x000007fef93f0000 	C:\Windows\system32\ntshrui.dll
0x000007fefcef0000 - 0x000007fefcf13000 	C:\Windows\system32\srvcli.dll
0x000007fefb160000 - 0x000007fefb16b000 	C:\Windows\system32\slc.dll
0x000000006e900000 - 0x000000006e924000 	D:\jdk1.7.0_25\jre\bin\sunec.dll
0x000000006f590000 - 0x000000006f59b000 	D:\jdk1.7.0_25\jre\bin\sunmscapi.dll
0x000007fefd560000 - 0x000007fefd6ca000 	C:\Windows\system32\CRYPT32.dll
0x000007fefd3a0000 - 0x000007fefd3af000 	C:\Windows\system32\MSASN1.dll
0x000000006fd70000 - 0x000000006fd7f000 	D:\jdk1.7.0_25\jre\bin\prism-d3d.dll
0x000007feea970000 - 0x000007feeab6f000 	C:\Windows\system32\d3d9.dll
0x000007fefc250000 - 0x000007fefc25c000 	C:\Windows\system32\VERSION.dll
0x000007fef6770000 - 0x000007fef6777000 	C:\Windows\system32\d3d8thk.dll
0x0000000072030000 - 0x00000000720f6000 	C:\Windows\system32\aticfx64.dll
0x000007fee2a30000 - 0x000007fee2a3d000 	C:\Windows\system32\atiu9p64.dll
0x0000000016e10000 - 0x0000000017615000 	C:\Windows\system32\igdumd64.dll

VM Arguments:
jvm_args: -Dnetbeans.logger.console=true -ea -Dfile.encoding=GBK -Djdk.home=D:\jdk1.7.0_25 -Dnetbeans.home=D:\Program Files\NetBeans 7.4 Beta\platform -Dnetbeans.user=D:\yfassist\yfassist\build\testuserdir -Dnetbeans.default_userdir_root= -XX:+HeapDumpOnOutOfMemoryError -XX:HeapDumpPath=D:\yfassist\yfassist\build\testuserdir\var\log\heapdump.hprof -Dsun.awt.keepWorkingSetOnMinimize=true -Dnetbeans.dirs=D:\yfassist\yfassist\build\cluster;D:\Program Files\NetBeans 7.4 Beta\ide;D:\Program Files\NetBeans 7.4 Beta\platform exit 
java_command: <unknown>
Launcher Type: generic

Environment Variables:
JAVA_HOME=D:\jdk1.7.0_25
CLASSPATH=.;D:\jdk1.7.0_25\lib\tools.jar;D:\jdk1.7.0_25\lib\dt.jar;
USERNAME=John
OS=Windows_NT
PROCESSOR_IDENTIFIER=Intel64 Family 6 Model 42 Stepping 7, GenuineIntel



---------------  S Y S T E M  ---------------

OS: Windows 7 , 64 bit Build 7601 Service Pack 1

CPU:total 4 (2 cores per cpu, 2 threads per core) family 6 model 42 stepping 7, cmov, cx8, fxsr, mmx, sse, sse2, sse3, ssse3, sse4.1, sse4.2, popcnt, avx, ht, tsc, tscinvbit

Memory: 4k page, physical 8280236k(2923464k free), swap 12472680k(5645404k free)

vm_info: Java HotSpot(TM) 64-Bit Server VM (23.25-b01) for windows-amd64 JRE (1.7.0_25-b17), built on Jun 21 2013 12:58:32 by "java_re" with unknown MS VC++:1600

time: Wed Jul 17 16:49:08 2013
elapsed time: 13 seconds

